<?xml version="1.0" encoding="UTF-8"?>
<!-- Generated by org.testng.reporters.JUnitReportReporter -->
<testsuite hostname="DESKTOP-OQCH81E" failures="0" tests="1" name="appiumpack1.dragGesture" time="14.393" errors="0" timestamp="2024-11-28T12:02:06 IST" skipped="0">
  <testcase classname="appiumpack1.dragGesture" name="paymentMobApp_doubliClick" time="14.393"/>
</testsuite> <!-- appiumpack1.dragGesture -->
