<?xml version="1.0" encoding="UTF-8"?>
<!-- Generated by org.testng.reporters.JUnitReportReporter -->
<testsuite hostname="DESKTOP-OQCH81E" failures="0" tests="1" name="appiumpack1.zepto" time="26.534" errors="0" timestamp="2024-12-02T12:45:52 IST" skipped="0">
  <testcase classname="appiumpack1.zepto" name="scrollGesturehnm" time="26.534"/>
</testsuite> <!-- appiumpack1.zepto -->
