<?xml version="1.0" encoding="UTF-8"?>
<!-- Generated by org.testng.reporters.JUnitReportReporter -->
<testsuite hostname="DESKTOP-OQCH81E" failures="0" tests="1" name="appiumpack1.generalStrore_switchbetweenwindow_context" time="31.350" errors="0" timestamp="2024-12-09T16:24:38 IST" skipped="0">
  <testcase classname="appiumpack1.generalStrore_switchbetweenwindow_context" name="gStore" time="31.350"/>
</testsuite> <!-- appiumpack1.generalStrore_switchbetweenwindow_context -->
