<?xml version="1.0" encoding="UTF-8"?>
<!-- Generated by org.testng.reporters.JUnitReportReporter -->
<testsuite hostname="DESKTOP-OQCH81E" failures="0" tests="1" name="appiumpack1.hnm_Task_endToEndScen_AllGestures_Updated" time="30.731" errors="1" timestamp="2024-12-02T13:07:40 IST" skipped="0">
  <testcase classname="appiumpack1.hnm_Task_endToEndScen_AllGestures_Updated" name="search_prod" time="30.731">
    <error message="An unknown server-side error occurred while processing the command. Original error: Could not proxy command to the remote server. Original error: socket hang up
Build info: version: &#039;4.13.0&#039;, revision: &#039;ba948ece5b*&#039;
System info: os.name: &#039;Windows 10&#039;, os.arch: &#039;amd64&#039;, os.version: &#039;10.0&#039;, java.version: &#039;21.0.3&#039;
Driver info: io.appium.java_client.android.AndroidDriver
Command: [7a6fd65d-b7ab-40db-824b-cb347cb3a893, clickElement {id=00000000-0000-1bea-0000-009f0000014c}]
Capabilities {appium:UDID: 1360431040000HV, appium:appActivity: .startup.StartupActivity, appium:appPackage: com.hm.goe, appium:automationName: uiautomator2, appium:databaseEnabled: false, appium:desired: {UDID: 1360431040000HV, appActivity: .startup.StartupActivity, appPackage: com.hm.goe, automationName: uiautomator2, platformName: ANDROID}, appium:deviceApiLevel: 33, appium:deviceManufacturer: vivo, appium:deviceModel: V2055, appium:deviceName: 1360431040000HV, appium:deviceScreenDensity: 440, appium:deviceScreenSize: 1080x2400, appium:deviceUDID: 1360431040000HV, appium:javascriptEnabled: true, appium:locationContextEnabled: false, appium:networkConnectionEnabled: true, appium:pixelRatio: 2.75, appium:platformVersion: 13, appium:statBarHeight: 88, appium:takesScreenshot: true, appium:viewportRect: {height: 2312, left: 0, top: 88, width: 1080}, appium:warnings: {}, appium:webStorageEnabled: false, platformName: ANDROID}
Element: [[AndroidDriver:  on ANDROID (7a6fd65d-b7ab-40db-824b-cb347cb3a893)] -&gt; xpath: (//android.widget.ImageView[@content-desc=&quot;No Data&quot;])[2]]
Session ID: 7a6fd65d-b7ab-40db-824b-cb347cb3a893" type="org.openqa.selenium.WebDriverException">
      <![CDATA[org.openqa.selenium.WebDriverException: An unknown server-side error occurred while processing the command. Original error: Could not proxy command to the remote server. Original error: socket hang up
Build info: version: '4.13.0', revision: 'ba948ece5b*'
System info: os.name: 'Windows 10', os.arch: 'amd64', os.version: '10.0', java.version: '21.0.3'
Driver info: io.appium.java_client.android.AndroidDriver
Command: [7a6fd65d-b7ab-40db-824b-cb347cb3a893, clickElement {id=00000000-0000-1bea-0000-009f0000014c}]
Capabilities {appium:UDID: 1360431040000HV, appium:appActivity: .startup.StartupActivity, appium:appPackage: com.hm.goe, appium:automationName: uiautomator2, appium:databaseEnabled: false, appium:desired: {UDID: 1360431040000HV, appActivity: .startup.StartupActivity, appPackage: com.hm.goe, automationName: uiautomator2, platformName: ANDROID}, appium:deviceApiLevel: 33, appium:deviceManufacturer: vivo, appium:deviceModel: V2055, appium:deviceName: 1360431040000HV, appium:deviceScreenDensity: 440, appium:deviceScreenSize: 1080x2400, appium:deviceUDID: 1360431040000HV, appium:javascriptEnabled: true, appium:locationContextEnabled: false, appium:networkConnectionEnabled: true, appium:pixelRatio: 2.75, appium:platformVersion: 13, appium:statBarHeight: 88, appium:takesScreenshot: true, appium:viewportRect: {height: 2312, left: 0, top: 88, width: 1080}, appium:warnings: {}, appium:webStorageEnabled: false, platformName: ANDROID}
Element: [[AndroidDriver:  on ANDROID (7a6fd65d-b7ab-40db-824b-cb347cb3a893)] -> xpath: (//android.widget.ImageView[@content-desc="No Data"])[2]]
Session ID: 7a6fd65d-b7ab-40db-824b-cb347cb3a893
at java.base/jdk.internal.reflect.DirectConstructorHandleAccessor.newInstance(DirectConstructorHandleAccessor.java:62)
at java.base/java.lang.reflect.Constructor.newInstanceWithCaller(Constructor.java:502)
at java.base/java.lang.reflect.Constructor.newInstance(Constructor.java:486)
at org.openqa.selenium.remote.codec.w3c.W3CHttpResponseCodec.createException(W3CHttpResponseCodec.java:200)
at org.openqa.selenium.remote.codec.w3c.W3CHttpResponseCodec.decode(W3CHttpResponseCodec.java:133)
at org.openqa.selenium.remote.codec.w3c.W3CHttpResponseCodec.decode(W3CHttpResponseCodec.java:52)
at org.openqa.selenium.remote.HttpCommandExecutor.execute(HttpCommandExecutor.java:191)
at io.appium.java_client.remote.AppiumCommandExecutor.execute(AppiumCommandExecutor.java:250)
at org.openqa.selenium.remote.RemoteWebDriver.execute(RemoteWebDriver.java:602)
at org.openqa.selenium.remote.RemoteWebElement.execute(RemoteWebElement.java:224)
at org.openqa.selenium.remote.RemoteWebElement.click(RemoteWebElement.java:77)
at appiumpack1.hnm_Task_endToEndScen_AllGestures_Updated.search_prod(hnm_Task_endToEndScen_AllGestures_Updated.java:314)
at java.base/jdk.internal.reflect.DirectMethodHandleAccessor.invoke(DirectMethodHandleAccessor.java:103)
at java.base/java.lang.reflect.Method.invoke(Method.java:580)
at org.testng.internal.invokers.MethodInvocationHelper.invokeMethod(MethodInvocationHelper.java:139)
at org.testng.internal.invokers.TestInvoker.invokeMethod(TestInvoker.java:664)
at org.testng.internal.invokers.TestInvoker.invokeTestMethod(TestInvoker.java:228)
at org.testng.internal.invokers.MethodRunner.runInSequence(MethodRunner.java:63)
at org.testng.internal.invokers.TestInvoker$MethodInvocationAgent.invoke(TestInvoker.java:961)
at org.testng.internal.invokers.TestInvoker.invokeTestMethods(TestInvoker.java:201)
at org.testng.internal.invokers.TestMethodWorker.invokeTestMethods(TestMethodWorker.java:148)
at org.testng.internal.invokers.TestMethodWorker.run(TestMethodWorker.java:128)
at java.base/java.util.ArrayList.forEach(ArrayList.java:1596)
at org.testng.TestRunner.privateRun(TestRunner.java:819)
at org.testng.TestRunner.run(TestRunner.java:619)
at org.testng.SuiteRunner.runTest(SuiteRunner.java:443)
at org.testng.SuiteRunner.runSequentially(SuiteRunner.java:437)
at org.testng.SuiteRunner.privateRun(SuiteRunner.java:397)
at org.testng.SuiteRunner.run(SuiteRunner.java:336)
at org.testng.SuiteRunnerWorker.runSuite(SuiteRunnerWorker.java:52)
at org.testng.SuiteRunnerWorker.run(SuiteRunnerWorker.java:95)
at org.testng.TestNG.runSuitesSequentially(TestNG.java:1301)
at org.testng.TestNG.runSuitesLocally(TestNG.java:1228)
at org.testng.TestNG.runSuites(TestNG.java:1134)
at org.testng.TestNG.run(TestNG.java:1101)
at org.testng.remote.AbstractRemoteTestNG.run(AbstractRemoteTestNG.java:115)
at org.testng.remote.RemoteTestNG.initAndRun(RemoteTestNG.java:293)
at org.testng.remote.RemoteTestNG.main(RemoteTestNG.java:91)
]]>
    </error>
  </testcase> <!-- search_prod -->
</testsuite> <!-- appiumpack1.hnm_Task_endToEndScen_AllGestures_Updated -->
