<?xml version="1.0" encoding="UTF-8"?>
<!-- Generated by org.testng.reporters.JUnitReportReporter -->
<testsuite hostname="DESKTOP-OQCH81E" failures="0" tests="1" name="appiumpack1.appmClass1" time="29.432" errors="0" timestamp="2024-12-01T13:36:18 IST" skipped="0">
  <testcase classname="appiumpack1.appmClass1" name="appmCalc" time="29.432"/>
</testsuite> <!-- appiumpack1.appmClass1 -->
